<?xml version="1.0" encoding="UTF-8"?>
<!-- Generated by org.testng.reporters.JUnitXMLReporter -->
<testsuite ignored="0" hostname="Ashus" failures="0" tests="5" name="PersonalLoan" time="0.064" errors="0" timestamp="2023-03-06T14:50:11 IST">
  <testcase classname="test.day1" name="Demo" time="0.01"/>
  <testcase classname="test.day2" name="Demo" time="0.002"/>
  <testcase classname="test.day3" name="LoginAPICarLoan" time="0.001"/>
  <testcase classname="test.day3" name="MobileLoginCarLoan" time="0.003"/>
  <testcase classname="test.day3" name="WebLoginCarLoan" time="0.001"/>
</testsuite> <!-- PersonalLoan -->
