<?xml version="1.0" encoding="UTF-8"?>
<!-- Generated by org.testng.reporters.JUnitXMLReporter -->
<testsuite ignored="6" hostname="Ashus" failures="0" tests="13" name="HomeLoan" time="0.025" errors="0" timestamp="2023-03-19T18:16:58 IST">
  <testcase classname="test.day4" name="LoginAPIHomeLoan" time="0.001"/>
  <testcase classname="test.day4" name="WebLoginHomeLoan" time="0.0"/>
  <testcase classname="test.day5" name="MobileFirstHouseLoan" time="0.001"/>
  <testcase classname="test.day5" name="MobileSecondHouseLoan" time="0.001"/>
  <testcase classname="test.day5" name="MobileThirdHouseLoan" time="0.001"/>
  <testcase classname="test.day7" name="Horizon_1" time="0.001"/>
  <testcase classname="test.day7" name="Horizon_2" time="0.001"/>
  <testcase classname="test.day8" name="C" time="0.0"/>
  <testcase classname="test.day8" name="Jack" time="0.0"/>
  <testcase classname="test.day8" name="Sparrow" time="0.004"/>
  <testcase classname="test.day8" name="W" time="0.0"/>
  <testcase classname="test.day8" name="Z" time="0.001"/>
  <testcase classname="test.day8" name="A" time="0.0"/>
  <testcase classname="test.day5" name="PageHomeLoan" time="0.0">
    <ignored/>
  </testcase> <!-- PageHomeLoan -->
  <testcase classname="test.day5" name="LogoutHomeLoan" time="0.0">
    <ignored/>
  </testcase> <!-- LogoutHomeLoan -->
  <testcase classname="test.day5" name="APIFirstHomeLoan" time="0.0">
    <ignored/>
  </testcase> <!-- APIFirstHomeLoan -->
  <testcase classname="test.day5" name="APIThirdHomeLoan" time="0.0">
    <ignored/>
  </testcase> <!-- APIThirdHomeLoan -->
  <testcase classname="test.day5" name="APISecondHomeLoan" time="0.0">
    <ignored/>
  </testcase> <!-- APISecondHomeLoan -->
  <testcase classname="test.day4" name="MobileLoginHomeLoan" time="0.0">
    <ignored/>
  </testcase> <!-- MobileLoginHomeLoan -->
</testsuite> <!-- HomeLoan -->
