<?xml version="1.0" encoding="UTF-8"?>
<!-- Generated by org.testng.reporters.JUnitXMLReporter -->
<testsuite ignored="2" hostname="Ashus" failures="1" tests="10" name="Personal Loan" time="0.066" errors="0" timestamp="2023-03-19T18:16:58 IST">
  <testcase classname="test.day1" name="Demo" time="0.005"/>
  <testcase classname="test.day2" name="Demo" time="0.002"/>
  <testcase classname="test.day3" name="WebLoginPersonalLoan" time="0.001"/>
  <testcase classname="test.day6" name="RandomMethods_1" time="0.001"/>
  <testcase classname="test.day6" name="RandomMethods_2" time="0.001"/>
  <testcase classname="test.day6" name="RandomMethods_3" time="0.001"/>
  <testcase classname="test.day6" name="RandomMethods_T" time="0.003">
    <failure type="java.lang.AssertionError" message="expected [true] but found [false]">
      <![CDATA[java.lang.AssertionError: expected [true] but found [false]
at test.day6.RandomMethods_T(day6.java:24)
at java.base/java.util.ArrayList.forEach(ArrayList.java:1511)
... Removed 31 stack frames]]>
    </failure>
  </testcase> <!-- RandomMethods_T -->
  <testcase classname="test.day6" name="RandomMethods_X" time="0.001"/>
  <testcase classname="test.day6" name="RandomMethods_X" time="0.001"/>
  <testcase classname="test.day6" name="RandomMethods_X" time="0.0"/>
  <testcase classname="test.day3" name="MobileLoginPersonalLoan" time="0.0">
    <ignored/>
  </testcase> <!-- MobileLoginPersonalLoan -->
  <testcase classname="test.day3" name="LoginAPIPersonalLoan" time="0.0">
    <ignored/>
  </testcase> <!-- LoginAPIPersonalLoan -->
</testsuite> <!-- Personal Loan -->
