<?xml version="1.0" encoding="UTF-8"?>
<testng-results ignored="8" total="31" passed="22" failed="1" skipped="0">
  <reporter-output>
  </reporter-output>
  <suite started-at="2023-03-19T18:16:58 IST" name="Loan Department" finished-at="2023-03-19T18:16:58 IST" duration-ms="144">
    <groups>
    </groups>
    <test started-at="2023-03-19T18:16:58 IST" name="Personal Loan" finished-at="2023-03-19T18:16:58 IST" duration-ms="66">
      <class name="test.day6">
        <test-method is-config="true" signature="Method_Doc()[pri:0, instance:test.day6@6a400542]" started-at="2023-03-19T18:16:58 IST" name="Method_Doc" finished-at="2023-03-19T18:16:58 IST" duration-ms="0" status="PASS">
          <reporter-output>
          </reporter-output>
        </test-method> <!-- Method_Doc -->
        <test-method signature="RandomMethods_1()[pri:0, instance:test.day6@6a400542]" started-at="2023-03-19T18:16:58 IST" name="RandomMethods_1" finished-at="2023-03-19T18:16:58 IST" duration-ms="1" status="PASS">
          <reporter-output>
          </reporter-output>
        </test-method> <!-- RandomMethods_1 -->
        <test-method is-config="true" signature="Method_xlsx()[pri:0, instance:test.day6@6a400542]" started-at="2023-03-19T18:16:58 IST" name="Method_xlsx" finished-at="2023-03-19T18:16:58 IST" duration-ms="0" status="PASS">
          <reporter-output>
          </reporter-output>
        </test-method> <!-- Method_xlsx -->
        <test-method is-config="true" signature="Method_Doc()[pri:0, instance:test.day6@6a400542]" started-at="2023-03-19T18:16:58 IST" name="Method_Doc" finished-at="2023-03-19T18:16:58 IST" duration-ms="0" status="PASS">
          <reporter-output>
          </reporter-output>
        </test-method> <!-- Method_Doc -->
        <test-method signature="RandomMethods_2(java.lang.String)[pri:0, instance:test.day6@6a400542]" started-at="2023-03-19T18:16:58 IST" name="RandomMethods_2" finished-at="2023-03-19T18:16:58 IST" duration-ms="1" status="PASS">
          <params>
            <param index="0">
              <value>
                <![CDATA[qaclickacademy.com]]>
              </value>
            </param>
          </params>
          <reporter-output>
          </reporter-output>
        </test-method> <!-- RandomMethods_2 -->
        <test-method is-config="true" signature="Method_xlsx()[pri:0, instance:test.day6@6a400542]" started-at="2023-03-19T18:16:58 IST" name="Method_xlsx" finished-at="2023-03-19T18:16:58 IST" duration-ms="0" status="PASS">
          <reporter-output>
          </reporter-output>
        </test-method> <!-- Method_xlsx -->
        <test-method is-config="true" signature="Method_Doc()[pri:0, instance:test.day6@6a400542]" started-at="2023-03-19T18:16:58 IST" name="Method_Doc" finished-at="2023-03-19T18:16:58 IST" duration-ms="0" status="PASS">
          <reporter-output>
          </reporter-output>
        </test-method> <!-- Method_Doc -->
        <test-method signature="RandomMethods_3(java.lang.String,java.lang.String)[pri:0, instance:test.day6@6a400542]" started-at="2023-03-19T18:16:58 IST" name="RandomMethods_3" finished-at="2023-03-19T18:16:58 IST" duration-ms="1" status="PASS">
          <params>
            <param index="0">
              <value>
                <![CDATA[qaclickacademy.com]]>
              </value>
            </param>
            <param index="1">
              <value>
                <![CDATA[125487]]>
              </value>
            </param>
          </params>
          <reporter-output>
          </reporter-output>
        </test-method> <!-- RandomMethods_3 -->
        <test-method is-config="true" signature="Method_xlsx()[pri:0, instance:test.day6@6a400542]" started-at="2023-03-19T18:16:58 IST" name="Method_xlsx" finished-at="2023-03-19T18:16:58 IST" duration-ms="0" status="PASS">
          <reporter-output>
          </reporter-output>
        </test-method> <!-- Method_xlsx -->
        <test-method is-config="true" signature="Method_Doc()[pri:0, instance:test.day6@6a400542]" started-at="2023-03-19T18:16:58 IST" name="Method_Doc" finished-at="2023-03-19T18:16:58 IST" duration-ms="0" status="PASS">
          <reporter-output>
          </reporter-output>
        </test-method> <!-- Method_Doc -->
        <test-method signature="RandomMethods_T()[pri:0, instance:test.day6@6a400542]" started-at="2023-03-19T18:16:58 IST" name="RandomMethods_T" finished-at="2023-03-19T18:16:58 IST" duration-ms="3" status="FAIL">
          <exception class="java.lang.AssertionError">
            <message>
              <![CDATA[expected [true] but found [false]]]>
            </message>
            <full-stacktrace>
              <![CDATA[java.lang.AssertionError: expected [true] but found [false]
at org.testng.Assert.fail(Assert.java:99)
at org.testng.Assert.failNotEquals(Assert.java:1037)
at org.testng.Assert.assertTrue(Assert.java:45)
at org.testng.Assert.assertTrue(Assert.java:55)
at test.day6.RandomMethods_T(day6.java:24)
at java.base/jdk.internal.reflect.NativeMethodAccessorImpl.invoke0(Native Method)
at java.base/jdk.internal.reflect.NativeMethodAccessorImpl.invoke(NativeMethodAccessorImpl.java:77)
at java.base/jdk.internal.reflect.DelegatingMethodAccessorImpl.invoke(DelegatingMethodAccessorImpl.java:43)
at java.base/java.lang.reflect.Method.invoke(Method.java:568)
at org.testng.internal.MethodInvocationHelper.invokeMethod(MethodInvocationHelper.java:133)
at org.testng.internal.TestInvoker.invokeMethod(TestInvoker.java:598)
at org.testng.internal.TestInvoker.invokeTestMethod(TestInvoker.java:173)
at org.testng.internal.MethodRunner.runInSequence(MethodRunner.java:46)
at org.testng.internal.TestInvoker$MethodInvocationAgent.invoke(TestInvoker.java:824)
at org.testng.internal.TestInvoker.invokeTestMethods(TestInvoker.java:146)
at org.testng.internal.TestMethodWorker.invokeTestMethods(TestMethodWorker.java:146)
at org.testng.internal.TestMethodWorker.run(TestMethodWorker.java:128)
at java.base/java.util.ArrayList.forEach(ArrayList.java:1511)
at org.testng.TestRunner.privateRun(TestRunner.java:794)
at org.testng.TestRunner.run(TestRunner.java:596)
at org.testng.SuiteRunner.runTest(SuiteRunner.java:377)
at org.testng.SuiteRunner.runSequentially(SuiteRunner.java:371)
at org.testng.SuiteRunner.privateRun(SuiteRunner.java:332)
at org.testng.SuiteRunner.run(SuiteRunner.java:276)
at org.testng.SuiteRunnerWorker.runSuite(SuiteRunnerWorker.java:53)
at org.testng.SuiteRunnerWorker.run(SuiteRunnerWorker.java:96)
at org.testng.TestNG.runSuitesSequentially(TestNG.java:1212)
at org.testng.TestNG.runSuitesLocally(TestNG.java:1134)
at org.testng.TestNG.runSuites(TestNG.java:1063)
at org.testng.TestNG.run(TestNG.java:1031)
at org.testng.remote.AbstractRemoteTestNG.run(AbstractRemoteTestNG.java:115)
at org.testng.remote.RemoteTestNG.initAndRun(RemoteTestNG.java:251)
at org.testng.remote.RemoteTestNG.main(RemoteTestNG.java:77)
]]>
            </full-stacktrace>
          </exception> <!-- java.lang.AssertionError -->
          <reporter-output>
          </reporter-output>
        </test-method> <!-- RandomMethods_T -->
        <test-method is-config="true" signature="Method_xlsx()[pri:0, instance:test.day6@6a400542]" started-at="2023-03-19T18:16:58 IST" name="Method_xlsx" finished-at="2023-03-19T18:16:58 IST" duration-ms="0" status="PASS">
          <reporter-output>
          </reporter-output>
        </test-method> <!-- Method_xlsx -->
        <test-method signature="RandomMethods_X(java.lang.String,java.lang.String)[pri:0, instance:test.day6@6a400542]" started-at="2023-03-19T18:16:58 IST" name="RandomMethods_X" data-provider="getData" finished-at="2023-03-19T18:16:58 IST" duration-ms="1" status="PASS">
          <params>
            <param index="0">
              <value>
                <![CDATA[Firstname]]>
              </value>
            </param>
            <param index="1">
              <value>
                <![CDATA[FirstPassword]]>
              </value>
            </param>
          </params>
          <reporter-output>
          </reporter-output>
        </test-method> <!-- RandomMethods_X -->
        <test-method is-config="true" signature="Method_Doc()[pri:0, instance:test.day6@6a400542]" started-at="2023-03-19T18:16:58 IST" name="Method_Doc" finished-at="2023-03-19T18:16:58 IST" duration-ms="0" status="PASS">
          <reporter-output>
          </reporter-output>
        </test-method> <!-- Method_Doc -->
        <test-method is-config="true" signature="Method_xlsx()[pri:0, instance:test.day6@6a400542]" started-at="2023-03-19T18:16:58 IST" name="Method_xlsx" finished-at="2023-03-19T18:16:58 IST" duration-ms="1" status="PASS">
          <reporter-output>
          </reporter-output>
        </test-method> <!-- Method_xlsx -->
        <test-method is-config="true" signature="Method_Doc()[pri:0, instance:test.day6@6a400542]" started-at="2023-03-19T18:16:58 IST" name="Method_Doc" finished-at="2023-03-19T18:16:58 IST" duration-ms="0" status="PASS">
          <reporter-output>
          </reporter-output>
        </test-method> <!-- Method_Doc -->
        <test-method signature="RandomMethods_X(java.lang.String,java.lang.String)[pri:0, instance:test.day6@6a400542]" started-at="2023-03-19T18:16:58 IST" name="RandomMethods_X" data-provider="getData" finished-at="2023-03-19T18:16:58 IST" duration-ms="1" status="PASS">
          <params>
            <param index="0">
              <value>
                <![CDATA[Secondname]]>
              </value>
            </param>
            <param index="1">
              <value>
                <![CDATA[SecondPassword]]>
              </value>
            </param>
          </params>
          <reporter-output>
          </reporter-output>
        </test-method> <!-- RandomMethods_X -->
        <test-method is-config="true" signature="Method_xlsx()[pri:0, instance:test.day6@6a400542]" started-at="2023-03-19T18:16:58 IST" name="Method_xlsx" finished-at="2023-03-19T18:16:58 IST" duration-ms="0" status="PASS">
          <reporter-output>
          </reporter-output>
        </test-method> <!-- Method_xlsx -->
        <test-method is-config="true" signature="Method_Doc()[pri:0, instance:test.day6@6a400542]" started-at="2023-03-19T18:16:58 IST" name="Method_Doc" finished-at="2023-03-19T18:16:58 IST" duration-ms="0" status="PASS">
          <reporter-output>
          </reporter-output>
        </test-method> <!-- Method_Doc -->
        <test-method signature="RandomMethods_X(java.lang.String,java.lang.String)[pri:0, instance:test.day6@6a400542]" started-at="2023-03-19T18:16:58 IST" name="RandomMethods_X" data-provider="getData" finished-at="2023-03-19T18:16:58 IST" duration-ms="0" status="PASS">
          <params>
            <param index="0">
              <value>
                <![CDATA[Thirdname]]>
              </value>
            </param>
            <param index="1">
              <value>
                <![CDATA[ThirdPassword]]>
              </value>
            </param>
          </params>
          <reporter-output>
          </reporter-output>
        </test-method> <!-- RandomMethods_X -->
        <test-method is-config="true" signature="Method_xlsx()[pri:0, instance:test.day6@6a400542]" started-at="2023-03-19T18:16:58 IST" name="Method_xlsx" finished-at="2023-03-19T18:16:58 IST" duration-ms="0" status="PASS">
          <reporter-output>
          </reporter-output>
        </test-method> <!-- Method_xlsx -->
      </class> <!-- test.day6 -->
      <class name="test.day2">
        <test-method is-config="true" signature="FirstExecution()[pri:0, instance:test.day2@13e39c73]" started-at="2023-03-19T18:16:58 IST" name="FirstExecution" finished-at="2023-03-19T18:16:58 IST" duration-ms="0" status="PASS">
          <reporter-output>
          </reporter-output>
        </test-method> <!-- FirstExecution -->
        <test-method signature="Demo()[pri:0, instance:test.day2@13e39c73]" started-at="2023-03-19T18:16:58 IST" name="Demo" finished-at="2023-03-19T18:16:58 IST" duration-ms="2" status="PASS">
          <reporter-output>
          </reporter-output>
        </test-method> <!-- Demo -->
        <test-method is-config="true" signature="LastExecution()[pri:0, instance:test.day2@13e39c73]" started-at="2023-03-19T18:16:58 IST" name="LastExecution" finished-at="2023-03-19T18:16:58 IST" duration-ms="0" status="PASS">
          <reporter-output>
          </reporter-output>
        </test-method> <!-- LastExecution -->
      </class> <!-- test.day2 -->
      <class name="test.day3">
        <test-method signature="WebLoginPersonalLoan()[pri:0, instance:test.day3@64cd705f]" started-at="2023-03-19T18:16:58 IST" name="WebLoginPersonalLoan" finished-at="2023-03-19T18:16:58 IST" duration-ms="1" status="PASS">
          <reporter-output>
          </reporter-output>
        </test-method> <!-- WebLoginPersonalLoan -->
      </class> <!-- test.day3 -->
      <class name="test.day1">
        <test-method signature="Demo()[pri:0, instance:test.day1@65466a6a]" started-at="2023-03-19T18:16:58 IST" name="Demo" finished-at="2023-03-19T18:16:58 IST" duration-ms="5" status="PASS">
          <reporter-output>
          </reporter-output>
        </test-method> <!-- Demo -->
      </class> <!-- test.day1 -->
    </test> <!-- Personal Loan -->
    <test started-at="2023-03-19T18:16:58 IST" name="HomeLoan" finished-at="2023-03-19T18:16:58 IST" duration-ms="25">
      <class name="test.day8">
        <test-method signature="C()[pri:0, instance:test.day8@14dd9eb7]" started-at="2023-03-19T18:16:58 IST" name="C" finished-at="2023-03-19T18:16:58 IST" duration-ms="0" status="PASS">
          <reporter-output>
          </reporter-output>
        </test-method> <!-- C -->
        <test-method signature="Jack()[pri:0, instance:test.day8@14dd9eb7]" started-at="2023-03-19T18:16:58 IST" name="Jack" finished-at="2023-03-19T18:16:58 IST" duration-ms="0" status="PASS">
          <reporter-output>
          </reporter-output>
        </test-method> <!-- Jack -->
        <test-method signature="Sparrow()[pri:0, instance:test.day8@14dd9eb7]" started-at="2023-03-19T18:16:58 IST" name="Sparrow" finished-at="2023-03-19T18:16:58 IST" duration-ms="4" status="PASS">
          <reporter-output>
          </reporter-output>
        </test-method> <!-- Sparrow -->
        <test-method signature="W()[pri:0, instance:test.day8@14dd9eb7]" started-at="2023-03-19T18:16:58 IST" name="W" finished-at="2023-03-19T18:16:58 IST" duration-ms="0" status="PASS">
          <reporter-output>
          </reporter-output>
        </test-method> <!-- W -->
        <test-method signature="Z()[pri:0, instance:test.day8@14dd9eb7]" started-at="2023-03-19T18:16:58 IST" name="Z" finished-at="2023-03-19T18:16:58 IST" duration-ms="1" status="PASS">
          <reporter-output>
          </reporter-output>
        </test-method> <!-- Z -->
        <test-method signature="A()[pri:0, instance:test.day8@14dd9eb7]" started-at="2023-03-19T18:16:58 IST" name="A" finished-at="2023-03-19T18:16:58 IST" depends-on-methods="test.day8.W, test.day8.Z" duration-ms="0" status="PASS">
          <reporter-output>
          </reporter-output>
        </test-method> <!-- A -->
      </class> <!-- test.day8 -->
      <class name="test.day7">
        <test-method is-config="true" signature="Funto()[pri:0, instance:test.day7@1d9b7cce]" started-at="2023-03-19T18:16:58 IST" name="Funto" finished-at="2023-03-19T18:16:58 IST" duration-ms="0" status="PASS">
          <reporter-output>
          </reporter-output>
        </test-method> <!-- Funto -->
        <test-method signature="Horizon_1()[pri:0, instance:test.day7@1d9b7cce]" started-at="2023-03-19T18:16:58 IST" name="Horizon_1" finished-at="2023-03-19T18:16:58 IST" duration-ms="1" status="PASS">
          <reporter-output>
          </reporter-output>
        </test-method> <!-- Horizon_1 -->
        <test-method signature="Horizon_2()[pri:0, instance:test.day7@1d9b7cce]" started-at="2023-03-19T18:16:58 IST" name="Horizon_2" finished-at="2023-03-19T18:16:58 IST" duration-ms="1" status="PASS">
          <reporter-output>
          </reporter-output>
        </test-method> <!-- Horizon_2 -->
        <test-method is-config="true" signature="Unto()[pri:0, instance:test.day7@1d9b7cce]" started-at="2023-03-19T18:16:58 IST" name="Unto" finished-at="2023-03-19T18:16:58 IST" duration-ms="1" status="PASS">
          <reporter-output>
          </reporter-output>
        </test-method> <!-- Unto -->
      </class> <!-- test.day7 -->
      <class name="test.day4">
        <test-method signature="LoginAPIHomeLoan()[pri:0, instance:test.day4@441772e]" started-at="2023-03-19T18:16:58 IST" name="LoginAPIHomeLoan" finished-at="2023-03-19T18:16:58 IST" duration-ms="1" status="PASS">
          <reporter-output>
          </reporter-output>
        </test-method> <!-- LoginAPIHomeLoan -->
        <test-method signature="WebLoginHomeLoan()[pri:0, instance:test.day4@441772e]" started-at="2023-03-19T18:16:58 IST" name="WebLoginHomeLoan" finished-at="2023-03-19T18:16:58 IST" duration-ms="0" status="PASS">
          <reporter-output>
          </reporter-output>
        </test-method> <!-- WebLoginHomeLoan -->
      </class> <!-- test.day4 -->
      <class name="test.day5">
        <test-method signature="MobileFirstHouseLoan()[pri:0, instance:test.day5@7334aada]" started-at="2023-03-19T18:16:58 IST" name="MobileFirstHouseLoan" finished-at="2023-03-19T18:16:58 IST" duration-ms="1" status="PASS">
          <reporter-output>
          </reporter-output>
        </test-method> <!-- MobileFirstHouseLoan -->
        <test-method signature="MobileSecondHouseLoan()[pri:0, instance:test.day5@7334aada]" started-at="2023-03-19T18:16:58 IST" name="MobileSecondHouseLoan" finished-at="2023-03-19T18:16:58 IST" duration-ms="1" status="PASS">
          <reporter-output>
          </reporter-output>
        </test-method> <!-- MobileSecondHouseLoan -->
        <test-method signature="MobileThirdHouseLoan()[pri:0, instance:test.day5@7334aada]" started-at="2023-03-19T18:16:58 IST" name="MobileThirdHouseLoan" finished-at="2023-03-19T18:16:58 IST" duration-ms="1" status="PASS">
          <reporter-output>
          </reporter-output>
        </test-method> <!-- MobileThirdHouseLoan -->
      </class> <!-- test.day5 -->
      <class name="test.day2">
        <test-method is-config="true" signature="FirstSuiteLvelExecution()[pri:0, instance:test.day2@13e39c73]" started-at="2023-03-19T18:16:58 IST" name="FirstSuiteLvelExecution" finished-at="2023-03-19T18:16:58 IST" duration-ms="7" status="PASS">
          <reporter-output>
          </reporter-output>
        </test-method> <!-- FirstSuiteLvelExecution -->
        <test-method is-config="true" signature="LastSuiteLevelExecution()[pri:0, instance:test.day2@13e39c73]" started-at="2023-03-19T18:16:58 IST" name="LastSuiteLevelExecution" finished-at="2023-03-19T18:16:58 IST" duration-ms="0" status="PASS">
          <reporter-output>
          </reporter-output>
        </test-method> <!-- LastSuiteLevelExecution -->
      </class> <!-- test.day2 -->
    </test> <!-- HomeLoan -->
  </suite> <!-- Loan Department -->
</testng-results>
