<?xml version="1.0" encoding="UTF-8"?>
<!-- Generated by org.testng.reporters.JUnitXMLReporter -->
<testsuite ignored="6" hostname="Ashus" failures="0" tests="9" name="Regression" time="0.067" errors="0" timestamp="2023-03-11T18:20:21 IST">
  <testcase classname="RegressionTest.delta1" name="Volkswagen_1" time="0.01"/>
  <testcase classname="RegressionTest.delta1" name="Volkswagen_3" time="0.0"/>
  <testcase classname="RegressionTest.delta2" name="Tata_2" time="0.002"/>
  <testcase classname="RegressionTest.delta2" name="Tata_3" time="0.002"/>
  <testcase classname="RegressionTest.delta3" name="Safari_1" time="0.0"/>
  <testcase classname="RegressionTest.delta3" name="Safari_2" time="0.0"/>
  <testcase classname="RegressionTest.delta4" name="Nexas_1" time="0.0"/>
  <testcase classname="RegressionTest.delta5" name="SKODA_1" time="0.001"/>
  <testcase classname="RegressionTest.delta5" name="SKODA_3" time="0.001"/>
  <testcase classname="RegressionTest.delta4" name="Nexas_3" time="0.0">
    <ignored/>
  </testcase> <!-- Nexas_3 -->
  <testcase classname="RegressionTest.delta5" name="SKODA_2" time="0.0">
    <ignored/>
  </testcase> <!-- SKODA_2 -->
  <testcase classname="RegressionTest.delta1" name="Volkswagen_2" time="0.0">
    <ignored/>
  </testcase> <!-- Volkswagen_2 -->
  <testcase classname="RegressionTest.delta2" name="Tata_1" time="0.0">
    <ignored/>
  </testcase> <!-- Tata_1 -->
  <testcase classname="RegressionTest.delta4" name="Nexas_2" time="0.0">
    <ignored/>
  </testcase> <!-- Nexas_2 -->
  <testcase classname="RegressionTest.delta3" name="Safari_3" time="0.0">
    <ignored/>
  </testcase> <!-- Safari_3 -->
</testsuite> <!-- Regression -->
